Arguments: 
  /usr/local/bin/node /usr/local/bin/yarn

PATH: 
  /Users/cahier/flutter/bin:/Users/cahier/go/bin:/Users/cahier/bin:/usr/local/bin:/opt/homebrew/bin:/opt/homebrew/sbin:/usr/local/bin:/usr/bin:/bin:/usr/sbin:/sbin:/Library/Apple/usr/bin:/Users/cahier/flutter/bin:/Users/cahier/go/bin:/Users/cahier/bin:/opt/homebrew/bin:/opt/homebrew/sbin

Yarn version: 
  1.22.10

Node version: 
  15.14.0

Platform: 
  darwin x64

Trace: 
  Error: EEXIST: file already exists, mkdir '/Users/cahier/Downloads/大屏可视化前端代码/node_modules/cross-env/node_modules'

npm manifest: 
  {
    "name": "screenPlatform",
    "version": "1.0.0",
    "private": true,
    "description": "use antd pro && antd4.0 ",
    "scripts": {
      "analyze": "cross-env ANALYZE=1 umi build",
      "build": "umi build",
      "deploy": "npm run site && npm run gh-pages",
      "fetch:blocks": "pro fetch-blocks && npm run prettier",
      "gh-pages": "cp CNAME ./dist/ && gh-pages -d dist",
      "i18n-remove": "pro i18n-remove --locale=zh-CN --write",
      "lint": "npm run lint:js && npm run lint:style && npm run lint:prettier",
      "lint:prettier": "prettier --check \"**/*\" --end-of-line auto",
      "lint-staged": "lint-staged",
      "lint-staged:js": "eslint --ext .js,.jsx,.ts,.tsx ",
      "lint:fix": "eslint --fix --cache --ext .js,.jsx,.ts,.tsx --format=pretty ./src && npm run lint:style",
      "lint:js": "eslint --cache --ext .js,.jsx,.ts,.tsx --format=pretty ./src",
      "lint:style": "stylelint --fix \"src/**/*.less\" --syntax less",
      "prettier": "prettier -c --write \"**/*\"",
      "site": "npm run fetch:blocks && npm run build",
      "start": "umi dev",
      "dev": "npm run start:dev",
      "start:dev": "cross-env REACT_APP_ENV=dev MOCK=none umi dev",
      "start:no-mock": "cross-env MOCK=none umi dev",
      "start:no-ui": "cross-env UMI_UI=none umi dev",
      "start:pre": "cross-env REACT_APP_ENV=pre umi dev",
      "start:test": "cross-env REACT_APP_ENV=test MOCK=none umi dev",
      "test": "umi test",
      "test:all": "node ./tests/run-tests.js",
      "test:component": "umi test ./src/components",
      "tsc": "tsc",
      "ui": "umi ui"
    },
    "browserslist": [
      "> 1%",
      "last 2 versions",
      "not ie <= 10"
    ],
    "dependencies": {
      "@ant-design/icons": "^4.0.0-alpha.19",
      "@ant-design/pro-layout": "^5.0.0",
      "@ant-design/pro-table": "^2.0.0",
      "@antv/chart-advisor": "^1.0.0",
      "@antv/data-set": "^0.11.1",
      "@antv/g6": "^4.0.1",
      "@scena/ruler": "^0.6.1",
      "@uiw/react-codemirror": "^2.2.1",
      "antd": "^4.8.0",
      "classnames": "^2.2.6",
      "colorthief": "^2.3.2",
      "dva": "^2.6.0-beta.16",
      "echarts": "^4.7.0",
      "gg-editor": "^3.1.3",
      "js-base64": "^2.5.2",
      "json2csv": "^5.0.1",
      "jszip": "^3.5.0",
      "lodash": "^4.17.11",
      "moment": "^2.24.0",
      "omit.js": "^1.0.2",
      "path-to-regexp": "2.4.0",
      "qs": "^6.9.0",
      "react": "^16.8.6",
      "react-color": "^2.18.1",
      "react-copy-to-clipboard": "^5.0.1",
      "react-dom": "^16.8.6",
      "react-helmet": "^5.2.1",
      "redux": "^4.0.1",
      "sketch2json": "^0.1.2",
      "umi": "^2.13.0",
      "umi-plugin-antd-icon-config": "^1.0.2",
      "umi-plugin-antd-theme": "1.2.0-0",
      "umi-plugin-pro-block": "^1.3.2",
      "umi-plugin-react": "^1.14.10",
      "umi-request": "^1.0.8",
      "use-merge-value": "^1.0.1",
      "x-data-spreadsheet": "^1.0.4",
      "xlsx": "^0.16.8"
    },
    "devDependencies": {
      "@ant-design/pro-cli": "^1.0.18",
      "@types/classnames": "^2.2.7",
      "@types/express": "^4.17.0",
      "@types/history": "^4.7.2",
      "@types/jest": "^25.1.0",
      "@types/lodash": "^4.14.144",
      "@types/qs": "^6.5.3",
      "@types/react": "^16.9.17",
      "@types/react-dom": "^16.8.4",
      "@types/react-helmet": "^5.0.13",
      "@umijs/fabric": "^2.0.2",
      "awesome-typescript-loader": "^5.2.1",
      "chalk": "^3.0.0",
      "cross-env": "^7.0.0",
      "cross-port-killer": "^1.1.1",
      "enzyme": "^3.11.0",
      "express": "^4.17.1",
      "gh-pages": "^2.0.1",
      "husky": "^4.0.7",
      "jest-puppeteer": "^4.2.0",
      "jsdom-global": "^3.0.2",
      "lint-staged": "^10.0.0",
      "mockjs": "^1.0.1-beta3",
      "node-fetch": "^2.6.0",
      "prettier": "^1.19.1",
      "pro-download": "1.0.1",
      "serverless-http": "^2.0.2",
      "stylelint": "^13.0.0",
      "typescript": "^3.9.7",
      "umi-plugin-antd-icon-config": "^1.0.2",
      "umi-plugin-ga": "^1.1.3",
      "umi-plugin-pro": "^1.0.3",
      "umi-types": "^0.5.9",
      "x-data-spreadsheet": "^1.0.4"
    },
    "optionalDependencies": {
      "puppeteer": "^2.0.0"
    },
    "engines": {
      "node": ">=10.0.0"
    },
    "checkFiles": [
      "src/**/*.js*",
      "src/**/*.ts*",
      "src/**/*.less",
      "config/**/*.js*",
      "scripts/**/*.js"
    ],
    "create-umi": {
      "ignoreScript": [
        "docker*",
        "functions*",
        "site",
        "generateMock"
      ],
      "ignoreDependencies": [
        "netlify*",
        "serverless"
      ],
      "ignore": [
        ".dockerignore",
        ".git",
        ".github",
        ".gitpod.yml",
        "CODE_OF_CONDUCT.md",
        "Dockerfile",
        "Dockerfile.*",
        "lambda",
        "LICENSE",
        "netlify.toml",
        "README.*.md",
        "azure-pipelines.yml",
        "docker",
        "CNAME",
        "create-umi"
      ]
    }
  }

yarn manifest: 
  No manifest

Lockfile: 
  No lockfile
